INFO - 2023-09-28 07:38:25 --> Session: Class initialized using 'CodeIgniter\Session\Handlers\FileHandler' driver.
INFO - 2023-09-28 07:38:27 --> Session: Class initialized using 'CodeIgniter\Session\Handlers\FileHandler' driver.
CRITICAL - 2023-09-28 09:09:11 --> Call to undefined function form_open()
in APPPATH\Views\mhs\v_mahasiswa_add.php on line 8.
 1 SYSTEMPATH\View\View.php(224): include()
 2 SYSTEMPATH\View\View.php(227): CodeIgniter\View\View->CodeIgniter\View\{closure}()
 3 SYSTEMPATH\Common.php(1176): CodeIgniter\View\View->render('mhs/v_mahasiswa_add.php', [], true)
 4 APPPATH\Controllers\Mahasiswa.php(50): view('mhs/v_mahasiswa_add.php', [...])
 5 SYSTEMPATH\CodeIgniter.php(932): App\Controllers\Mahasiswa->save()
 6 SYSTEMPATH\CodeIgniter.php(497): CodeIgniter\CodeIgniter->runController(Object(App\Controllers\Mahasiswa))
 7 SYSTEMPATH\CodeIgniter.php(366): CodeIgniter\CodeIgniter->handleRequest(null, Object(Config\Cache), false)
 8 FCPATH\index.php(67): CodeIgniter\CodeIgniter->run()
CRITICAL - 2023-09-28 09:09:44 --> Call to undefined function form_open()
in APPPATH\Views\mhs\v_mahasiswa_add.php on line 8.
 1 SYSTEMPATH\View\View.php(224): include()
 2 SYSTEMPATH\View\View.php(227): CodeIgniter\View\View->CodeIgniter\View\{closure}()
 3 SYSTEMPATH\Common.php(1176): CodeIgniter\View\View->render('mhs/v_mahasiswa_add.php', [], true)
 4 APPPATH\Controllers\Mahasiswa.php(50): view('mhs/v_mahasiswa_add.php', [...])
 5 SYSTEMPATH\CodeIgniter.php(932): App\Controllers\Mahasiswa->save()
 6 SYSTEMPATH\CodeIgniter.php(497): CodeIgniter\CodeIgniter->runController(Object(App\Controllers\Mahasiswa))
 7 SYSTEMPATH\CodeIgniter.php(366): CodeIgniter\CodeIgniter->handleRequest(null, Object(Config\Cache), false)
 8 FCPATH\index.php(67): CodeIgniter\CodeIgniter->run()
CRITICAL - 2023-09-28 09:09:47 --> Call to undefined function form_open()
in APPPATH\Views\mhs\v_mahasiswa_add.php on line 8.
 1 SYSTEMPATH\View\View.php(224): include()
 2 SYSTEMPATH\View\View.php(227): CodeIgniter\View\View->CodeIgniter\View\{closure}()
 3 SYSTEMPATH\Common.php(1176): CodeIgniter\View\View->render('mhs/v_mahasiswa_add.php', [], true)
 4 APPPATH\Controllers\Mahasiswa.php(50): view('mhs/v_mahasiswa_add.php', [...])
 5 SYSTEMPATH\CodeIgniter.php(932): App\Controllers\Mahasiswa->save()
 6 SYSTEMPATH\CodeIgniter.php(497): CodeIgniter\CodeIgniter->runController(Object(App\Controllers\Mahasiswa))
 7 SYSTEMPATH\CodeIgniter.php(366): CodeIgniter\CodeIgniter->handleRequest(null, Object(Config\Cache), false)
 8 FCPATH\index.php(67): CodeIgniter\CodeIgniter->run()
CRITICAL - 2023-09-28 12:27:35 --> syntax error, unexpected single-quoted string "Website", expecting "," or ";"
in APPPATH\Views\v_register.php on line 42.
 1 SYSTEMPATH\View\View.php(227): CodeIgniter\View\View->CodeIgniter\View\{closure}()
 2 SYSTEMPATH\Common.php(1176): CodeIgniter\View\View->render('v_register.php', [], true)
 3 APPPATH\Controllers\Register.php(8): view('v_register.php')
 4 SYSTEMPATH\CodeIgniter.php(932): App\Controllers\Register->index()
 5 SYSTEMPATH\CodeIgniter.php(497): CodeIgniter\CodeIgniter->runController(Object(App\Controllers\Register))
 6 SYSTEMPATH\CodeIgniter.php(366): CodeIgniter\CodeIgniter->handleRequest(null, Object(Config\Cache), false)
 7 FCPATH\index.php(67): CodeIgniter\CodeIgniter->run()
CRITICAL - 2023-09-28 12:50:02 --> Invalid file: "v_mahasiswa_add.php"
in SYSTEMPATH\Exceptions\FrameworkException.php on line 33.
 1 SYSTEMPATH\View\View.php(212): CodeIgniter\Exceptions\FrameworkException::forInvalidFile('v_mahasiswa_add.php')
 2 SYSTEMPATH\Common.php(1176): CodeIgniter\View\View->render('v_mahasiswa_add', [], true)
 3 APPPATH\Controllers\Mahasiswa.php(47): view('v_mahasiswa_add', [...])
 4 SYSTEMPATH\CodeIgniter.php(932): App\Controllers\Mahasiswa->save()
 5 SYSTEMPATH\CodeIgniter.php(497): CodeIgniter\CodeIgniter->runController(Object(App\Controllers\Mahasiswa))
 6 SYSTEMPATH\CodeIgniter.php(366): CodeIgniter\CodeIgniter->handleRequest(null, Object(Config\Cache), false)
 7 FCPATH\index.php(67): CodeIgniter\CodeIgniter->run()
CRITICAL - 2023-09-28 12:50:34 --> Call to undefined function form_open()
in APPPATH\Views\mhs\v_mahasiswa_add.php on line 17.
 1 SYSTEMPATH\View\View.php(224): include()
 2 SYSTEMPATH\View\View.php(227): CodeIgniter\View\View->CodeIgniter\View\{closure}()
 3 SYSTEMPATH\Common.php(1176): CodeIgniter\View\View->render('mhs/v_mahasiswa_add', [], true)
 4 APPPATH\Controllers\Mahasiswa.php(47): view('mhs/v_mahasiswa_add', [...])
 5 SYSTEMPATH\CodeIgniter.php(932): App\Controllers\Mahasiswa->save()
 6 SYSTEMPATH\CodeIgniter.php(497): CodeIgniter\CodeIgniter->runController(Object(App\Controllers\Mahasiswa))
 7 SYSTEMPATH\CodeIgniter.php(366): CodeIgniter\CodeIgniter->handleRequest(null, Object(Config\Cache), false)
 8 FCPATH\index.php(67): CodeIgniter\CodeIgniter->run()
CRITICAL - 2023-09-28 12:52:41 --> Call to undefined function form_open()
in APPPATH\Views\mhs\v_mahasiswa_add.php on line 17.
 1 SYSTEMPATH\View\View.php(224): include()
 2 SYSTEMPATH\View\View.php(227): CodeIgniter\View\View->CodeIgniter\View\{closure}()
 3 SYSTEMPATH\Common.php(1176): CodeIgniter\View\View->render('mhs/v_mahasiswa_add.php', [], true)
 4 APPPATH\Controllers\Mahasiswa.php(47): view('mhs/v_mahasiswa_add.php', [...])
 5 SYSTEMPATH\CodeIgniter.php(932): App\Controllers\Mahasiswa->save()
 6 SYSTEMPATH\CodeIgniter.php(497): CodeIgniter\CodeIgniter->runController(Object(App\Controllers\Mahasiswa))
 7 SYSTEMPATH\CodeIgniter.php(366): CodeIgniter\CodeIgniter->handleRequest(null, Object(Config\Cache), false)
 8 FCPATH\index.php(67): CodeIgniter\CodeIgniter->run()
CRITICAL - 2023-09-28 12:54:14 --> Call to undefined function form_open()
in APPPATH\Views\mhs\v_mahasiswa_add.php on line 17.
 1 SYSTEMPATH\View\View.php(224): include()
 2 SYSTEMPATH\View\View.php(227): CodeIgniter\View\View->CodeIgniter\View\{closure}()
 3 SYSTEMPATH\Common.php(1176): CodeIgniter\View\View->render('mhs/v_mahasiswa_add.php', [], true)
 4 APPPATH\Controllers\Mahasiswa.php(47): view('mhs/v_mahasiswa_add.php', [...])
 5 SYSTEMPATH\CodeIgniter.php(932): App\Controllers\Mahasiswa->save()
 6 SYSTEMPATH\CodeIgniter.php(497): CodeIgniter\CodeIgniter->runController(Object(App\Controllers\Mahasiswa))
 7 SYSTEMPATH\CodeIgniter.php(366): CodeIgniter\CodeIgniter->handleRequest(null, Object(Config\Cache), false)
 8 FCPATH\index.php(67): CodeIgniter\CodeIgniter->run()
CRITICAL - 2023-09-28 13:02:49 --> Call to a member function listErrors() on array
in APPPATH\Views\mhs\v_mahasiswa_add.php on line 12.
 1 SYSTEMPATH\View\View.php(224): include()
 2 SYSTEMPATH\View\View.php(227): CodeIgniter\View\View->CodeIgniter\View\{closure}()
 3 SYSTEMPATH\Common.php(1176): CodeIgniter\View\View->render('mhs/v_mahasiswa_add', [], true)
 4 APPPATH\Controllers\Mahasiswa.php(48): view('mhs/v_mahasiswa_add', [...])
 5 SYSTEMPATH\CodeIgniter.php(932): App\Controllers\Mahasiswa->save()
 6 SYSTEMPATH\CodeIgniter.php(497): CodeIgniter\CodeIgniter->runController(Object(App\Controllers\Mahasiswa))
 7 SYSTEMPATH\CodeIgniter.php(366): CodeIgniter\CodeIgniter->handleRequest(null, Object(Config\Cache), false)
 8 FCPATH\index.php(67): CodeIgniter\CodeIgniter->run()
