ERROR - 2023-10-12 21:12:48 --> Error connecting to the database: mysqli_sql_exception: No connection could be made because the target machine actively refused it in D:\XAMPP\htdocs\codeigniter\system\Database\MySQLi\Connection.php:174
Stack trace:
#0 D:\XAMPP\htdocs\codeigniter\system\Database\MySQLi\Connection.php(174): mysqli->real_connect('localhost', 'root', '', 'akademik_db', 3306, '', 0)
#1 D:\XAMPP\htdocs\codeigniter\system\Database\BaseConnection.php(391): CodeIgniter\Database\MySQLi\Connection->connect(false)
#2 D:\XAMPP\htdocs\codeigniter\system\Database\BaseConnection.php(574): CodeIgniter\Database\BaseConnection->initialize()
#3 D:\XAMPP\htdocs\codeigniter\system\Database\BaseBuilder.php(1616): CodeIgniter\Database\BaseConnection->query('SELECT *\nFROM `...', Array, false)
#4 D:\XAMPP\htdocs\codeigniter\app\Models\MahasiswaModel.php(13): CodeIgniter\Database\BaseBuilder->get()
#5 D:\XAMPP\htdocs\codeigniter\app\Controllers\Mahasiswa2.php(15): App\Models\MahasiswaModel->getAllData()
#6 D:\XAMPP\htdocs\codeigniter\system\CodeIgniter.php(932): App\Controllers\Mahasiswa2->index()
#7 D:\XAMPP\htdocs\codeigniter\system\CodeIgniter.php(497): CodeIgniter\CodeIgniter->runController(Object(App\Controllers\Mahasiswa2))
#8 D:\XAMPP\htdocs\codeigniter\system\CodeIgniter.php(366): CodeIgniter\CodeIgniter->handleRequest(NULL, Object(Config\Cache), false)
#9 D:\XAMPP\htdocs\codeigniter\public\index.php(67): CodeIgniter\CodeIgniter->run()
#10 {main}

Next CodeIgniter\Database\Exceptions\DatabaseException: No connection could be made because the target machine actively refused it in D:\XAMPP\htdocs\codeigniter\system\Database\MySQLi\Connection.php:218
Stack trace:
#0 D:\XAMPP\htdocs\codeigniter\system\Database\BaseConnection.php(391): CodeIgniter\Database\MySQLi\Connection->connect(false)
#1 D:\XAMPP\htdocs\codeigniter\system\Database\BaseConnection.php(574): CodeIgniter\Database\BaseConnection->initialize()
#2 D:\XAMPP\htdocs\codeigniter\system\Database\BaseBuilder.php(1616): CodeIgniter\Database\BaseConnection->query('SELECT *\nFROM `...', Array, false)
#3 D:\XAMPP\htdocs\codeigniter\app\Models\MahasiswaModel.php(13): CodeIgniter\Database\BaseBuilder->get()
#4 D:\XAMPP\htdocs\codeigniter\app\Controllers\Mahasiswa2.php(15): App\Models\MahasiswaModel->getAllData()
#5 D:\XAMPP\htdocs\codeigniter\system\CodeIgniter.php(932): App\Controllers\Mahasiswa2->index()
#6 D:\XAMPP\htdocs\codeigniter\system\CodeIgniter.php(497): CodeIgniter\CodeIgniter->runController(Object(App\Controllers\Mahasiswa2))
#7 D:\XAMPP\htdocs\codeigniter\system\CodeIgniter.php(366): CodeIgniter\CodeIgniter->handleRequest(NULL, Object(Config\Cache), false)
#8 D:\XAMPP\htdocs\codeigniter\public\index.php(67): CodeIgniter\CodeIgniter->run()
#9 {main}
CRITICAL - 2023-10-12 21:12:48 --> Unable to connect to the database.
Main connection [MySQLi]: No connection could be made because the target machine actively refused it
in SYSTEMPATH\Database\BaseConnection.php on line 427.
 1 SYSTEMPATH\Database\BaseConnection.php(574): CodeIgniter\Database\BaseConnection->initialize()
 2 SYSTEMPATH\Database\BaseBuilder.php(1616): CodeIgniter\Database\BaseConnection->query('SELECT *
FROM `mahasiswa`', [], false)
 3 APPPATH\Models\MahasiswaModel.php(13): CodeIgniter\Database\BaseBuilder->get()
 4 APPPATH\Controllers\Mahasiswa2.php(15): App\Models\MahasiswaModel->getAllData()
 5 SYSTEMPATH\CodeIgniter.php(932): App\Controllers\Mahasiswa2->index()
 6 SYSTEMPATH\CodeIgniter.php(497): CodeIgniter\CodeIgniter->runController(Object(App\Controllers\Mahasiswa2))
 7 SYSTEMPATH\CodeIgniter.php(366): CodeIgniter\CodeIgniter->handleRequest(null, Object(Config\Cache), false)
 8 FCPATH\index.php(67): CodeIgniter\CodeIgniter->run()
