CRITICAL - 2023-10-13 01:16:51 --> Call to undefined function form_open()
in APPPATH\Views\v_mahasiswa.php on line 73.
 1 SYSTEMPATH\View\View.php(224): include()
 2 SYSTEMPATH\View\View.php(227): CodeIgniter\View\View->CodeIgniter\View\{closure}()
 3 SYSTEMPATH\Common.php(1176): CodeIgniter\View\View->render('v_mahasiswa', [], true)
 4 APPPATH\Views\template.php(43): view('v_mahasiswa')
 5 SYSTEMPATH\View\View.php(224): include('D:\\XAMPP\\htdocs\\codeigniter\\app\\Views\\template.php')
 6 SYSTEMPATH\View\View.php(227): CodeIgniter\View\View->CodeIgniter\View\{closure}()
 7 SYSTEMPATH\Common.php(1176): CodeIgniter\View\View->render('template', [], true)
 8 APPPATH\Controllers\Mahasiswa2.php(28): view('template', [...])
 9 SYSTEMPATH\CodeIgniter.php(932): App\Controllers\Mahasiswa2->mhs()
10 SYSTEMPATH\CodeIgniter.php(497): CodeIgniter\CodeIgniter->runController(Object(App\Controllers\Mahasiswa2))
11 SYSTEMPATH\CodeIgniter.php(366): CodeIgniter\CodeIgniter->handleRequest(null, Object(Config\Cache), false)
12 FCPATH\index.php(67): CodeIgniter\CodeIgniter->run()
CRITICAL - 2023-10-13 02:03:38 --> Attempt to read property "nim" on null
in APPPATH\Views\v_mahasiswa_edit.php on line 6.
 1 APPPATH\Views\v_mahasiswa_edit.php(6): CodeIgniter\Debug\Exceptions->errorHandler(2, 'Attempt to read property "nim" on null', 'D:\\XAMPP\\htdocs\\codeigniter\\app\\Views\\v_mahasiswa_edit.php', 6)
 2 SYSTEMPATH\View\View.php(224): include('D:\\XAMPP\\htdocs\\codeigniter\\app\\Views\\v_mahasiswa_edit.php')
 3 SYSTEMPATH\View\View.php(227): CodeIgniter\View\View->CodeIgniter\View\{closure}()
 4 SYSTEMPATH\Common.php(1176): CodeIgniter\View\View->render('v_mahasiswa_edit', [], true)
 5 APPPATH\Views\template.php(43): view('v_mahasiswa_edit')
 6 SYSTEMPATH\View\View.php(224): include('D:\\XAMPP\\htdocs\\codeigniter\\app\\Views\\template.php')
 7 SYSTEMPATH\View\View.php(227): CodeIgniter\View\View->CodeIgniter\View\{closure}()
 8 SYSTEMPATH\Common.php(1176): CodeIgniter\View\View->render('template', [], true)
 9 APPPATH\Controllers\Mahasiswa2.php(63): view('template', [...])
10 SYSTEMPATH\CodeIgniter.php(932): App\Controllers\Mahasiswa2->edit('198012112000')
11 SYSTEMPATH\CodeIgniter.php(497): CodeIgniter\CodeIgniter->runController(Object(App\Controllers\Mahasiswa2))
12 SYSTEMPATH\CodeIgniter.php(366): CodeIgniter\CodeIgniter->handleRequest(null, Object(Config\Cache), false)
13 FCPATH\index.php(67): CodeIgniter\CodeIgniter->run()
