CRITICAL - 2023-09-22 00:46:54 --> Call to undefined function form_open()
in APPPATH\Views\mhs\v_mahasiswa_add.php on line 3.
 1 SYSTEMPATH\View\View.php(224): include()
 2 SYSTEMPATH\View\View.php(227): CodeIgniter\View\View->CodeIgniter\View\{closure}()
 3 SYSTEMPATH\Common.php(1176): CodeIgniter\View\View->render('mhs/v_mahasiswa_add.php', [], true)
 4 APPPATH\Controllers\Mahasiswa.php(7): view('mhs/v_mahasiswa_add.php')
 5 SYSTEMPATH\CodeIgniter.php(932): App\Controllers\Mahasiswa->index()
 6 SYSTEMPATH\CodeIgniter.php(497): CodeIgniter\CodeIgniter->runController(Object(App\Controllers\Mahasiswa))
 7 SYSTEMPATH\CodeIgniter.php(366): CodeIgniter\CodeIgniter->handleRequest(null, Object(Config\Cache), false)
 8 FCPATH\index.php(67): CodeIgniter\CodeIgniter->run()
CRITICAL - 2023-09-22 00:48:03 --> Call to undefined function form_open()
in APPPATH\Views\mhs\v_mahasiswa_add.php on line 3.
 1 SYSTEMPATH\View\View.php(224): include()
 2 SYSTEMPATH\View\View.php(227): CodeIgniter\View\View->CodeIgniter\View\{closure}()
 3 SYSTEMPATH\Common.php(1176): CodeIgniter\View\View->render('mhs/v_mahasiswa_add.php', [], true)
 4 APPPATH\Controllers\Mahasiswa.php(7): view('mhs/v_mahasiswa_add.php')
 5 SYSTEMPATH\CodeIgniter.php(932): App\Controllers\Mahasiswa->index()
 6 SYSTEMPATH\CodeIgniter.php(497): CodeIgniter\CodeIgniter->runController(Object(App\Controllers\Mahasiswa))
 7 SYSTEMPATH\CodeIgniter.php(366): CodeIgniter\CodeIgniter->handleRequest(null, Object(Config\Cache), false)
 8 FCPATH\index.php(67): CodeIgniter\CodeIgniter->run()
CRITICAL - 2023-09-22 00:49:01 --> Call to undefined function form_open()
in APPPATH\Views\mhs\v_mahasiswa_add.php on line 3.
 1 SYSTEMPATH\View\View.php(224): include()
 2 SYSTEMPATH\View\View.php(227): CodeIgniter\View\View->CodeIgniter\View\{closure}()
 3 SYSTEMPATH\Common.php(1176): CodeIgniter\View\View->render('mhs/v_mahasiswa_add.php', [], true)
 4 APPPATH\Controllers\Mahasiswa.php(7): view('mhs/v_mahasiswa_add.php')
 5 SYSTEMPATH\CodeIgniter.php(932): App\Controllers\Mahasiswa->index()
 6 SYSTEMPATH\CodeIgniter.php(497): CodeIgniter\CodeIgniter->runController(Object(App\Controllers\Mahasiswa))
 7 SYSTEMPATH\CodeIgniter.php(366): CodeIgniter\CodeIgniter->handleRequest(null, Object(Config\Cache), false)
 8 FCPATH\index.php(67): CodeIgniter\CodeIgniter->run()
CRITICAL - 2023-09-22 01:23:21 --> Undefined property: CodeIgniter\View\View::$input
in APPPATH\Views\mhs\v_mahasiswa_add.php on line 38.
 1 APPPATH\Views\mhs\v_mahasiswa_add.php(38): CodeIgniter\Debug\Exceptions->errorHandler(2, 'Undefined property: CodeIgniter\\View\\View::$input', 'D:\\XAMPP\\htdocs\\codeigniter\\app\\Views\\mhs\\v_mahasiswa_add.php', 38)
 2 SYSTEMPATH\View\View.php(224): include('D:\\XAMPP\\htdocs\\codeigniter\\app\\Views\\mhs\\v_mahasiswa_add.php')
 3 SYSTEMPATH\View\View.php(227): CodeIgniter\View\View->CodeIgniter\View\{closure}()
 4 SYSTEMPATH\Common.php(1176): CodeIgniter\View\View->render('mhs/v_mahasiswa_add.php', [], true)
 5 APPPATH\Controllers\Mahasiswa.php(8): view('mhs/v_mahasiswa_add.php')
 6 SYSTEMPATH\CodeIgniter.php(932): App\Controllers\Mahasiswa->index()
 7 SYSTEMPATH\CodeIgniter.php(497): CodeIgniter\CodeIgniter->runController(Object(App\Controllers\Mahasiswa))
 8 SYSTEMPATH\CodeIgniter.php(366): CodeIgniter\CodeIgniter->handleRequest(null, Object(Config\Cache), false)
 9 FCPATH\index.php(67): CodeIgniter\CodeIgniter->run()
CRITICAL - 2023-09-22 01:59:21 --> Call to undefined function App\Controllers\formatCurrency()
in APPPATH\Controllers\BelajarLibrary.php on line 45.
 1 SYSTEMPATH\CodeIgniter.php(932): App\Controllers\BelajarLibrary->myAtm()
 2 SYSTEMPATH\CodeIgniter.php(497): CodeIgniter\CodeIgniter->runController(Object(App\Controllers\BelajarLibrary))
 3 SYSTEMPATH\CodeIgniter.php(366): CodeIgniter\CodeIgniter->handleRequest(null, Object(Config\Cache), false)
 4 FCPATH\index.php(67): CodeIgniter\CodeIgniter->run()
CRITICAL - 2023-09-22 02:00:17 --> Call to undefined function App\Controllers\formatCurrency()
in APPPATH\Controllers\BelajarLibrary.php on line 45.
 1 SYSTEMPATH\CodeIgniter.php(932): App\Controllers\BelajarLibrary->myAtm()
 2 SYSTEMPATH\CodeIgniter.php(497): CodeIgniter\CodeIgniter->runController(Object(App\Controllers\BelajarLibrary))
 3 SYSTEMPATH\CodeIgniter.php(366): CodeIgniter\CodeIgniter->handleRequest(null, Object(Config\Cache), false)
 4 FCPATH\index.php(67): CodeIgniter\CodeIgniter->run()
INFO - 2023-09-22 14:08:38 --> Session: Class initialized using 'CodeIgniter\Session\Handlers\FileHandler' driver.
