CRITICAL - 2023-09-21 17:27:07 --> Invalid file: "cashflow/index.php"
in SYSTEMPATH\Exceptions\FrameworkException.php on line 33.
 1 SYSTEMPATH\View\View.php(212): CodeIgniter\Exceptions\FrameworkException::forInvalidFile('cashflow/index.php')
 2 SYSTEMPATH\Common.php(1176): CodeIgniter\View\View->render('cashflow/index', [], true)
 3 APPPATH\Controllers\CashFlow.php(12): view('cashflow/index', [...])
 4 SYSTEMPATH\CodeIgniter.php(932): App\Controllers\CashFlow->index()
 5 SYSTEMPATH\CodeIgniter.php(497): CodeIgniter\CodeIgniter->runController(Object(App\Controllers\CashFlow))
 6 SYSTEMPATH\CodeIgniter.php(366): CodeIgniter\CodeIgniter->handleRequest(null, Object(Config\Cache), false)
 7 FCPATH\index.php(67): CodeIgniter\CodeIgniter->run()
CRITICAL - 2023-09-21 17:30:07 --> Undefined variable $transactions
in APPPATH\Views\v_cashflow.php on line 18.
 1 APPPATH\Views\v_cashflow.php(18): CodeIgniter\Debug\Exceptions->errorHandler(2, 'Undefined variable $transactions', 'D:\\XAMPP\\htdocs\\codeigniter\\app\\Views\\v_cashflow.php', 18)
 2 SYSTEMPATH\View\View.php(224): include('D:\\XAMPP\\htdocs\\codeigniter\\app\\Views\\v_cashflow.php')
 3 SYSTEMPATH\View\View.php(227): CodeIgniter\View\View->CodeIgniter\View\{closure}()
 4 SYSTEMPATH\Common.php(1176): CodeIgniter\View\View->render('v_cashflow', [], true)
 5 APPPATH\Controllers\CashFlow.php(12): view('v_cashflow', [...])
 6 SYSTEMPATH\CodeIgniter.php(932): App\Controllers\CashFlow->index()
 7 SYSTEMPATH\CodeIgniter.php(497): CodeIgniter\CodeIgniter->runController(Object(App\Controllers\CashFlow))
 8 SYSTEMPATH\CodeIgniter.php(366): CodeIgniter\CodeIgniter->handleRequest(null, Object(Config\Cache), false)
 9 FCPATH\index.php(67): CodeIgniter\CodeIgniter->run()
CRITICAL - 2023-09-21 17:33:04 --> Undefined variable $transactions
in APPPATH\Views\v_cashflow.php on line 18.
 1 APPPATH\Views\v_cashflow.php(18): CodeIgniter\Debug\Exceptions->errorHandler(2, 'Undefined variable $transactions', 'D:\\XAMPP\\htdocs\\codeigniter\\app\\Views\\v_cashflow.php', 18)
 2 SYSTEMPATH\View\View.php(224): include('D:\\XAMPP\\htdocs\\codeigniter\\app\\Views\\v_cashflow.php')
 3 SYSTEMPATH\View\View.php(227): CodeIgniter\View\View->CodeIgniter\View\{closure}()
 4 SYSTEMPATH\Common.php(1176): CodeIgniter\View\View->render('v_cashflow', [], true)
 5 APPPATH\Controllers\CashFlow.php(12): view('v_cashflow', [...])
 6 SYSTEMPATH\CodeIgniter.php(932): App\Controllers\CashFlow->index()
 7 SYSTEMPATH\CodeIgniter.php(497): CodeIgniter\CodeIgniter->runController(Object(App\Controllers\CashFlow))
 8 SYSTEMPATH\CodeIgniter.php(366): CodeIgniter\CodeIgniter->handleRequest(null, Object(Config\Cache), false)
 9 FCPATH\index.php(67): CodeIgniter\CodeIgniter->run()
CRITICAL - 2023-09-21 17:36:14 --> Undefined variable $transactions
in APPPATH\Views\v_cashflow.php on line 18.
 1 APPPATH\Views\v_cashflow.php(18): CodeIgniter\Debug\Exceptions->errorHandler(2, 'Undefined variable $transactions', 'D:\\XAMPP\\htdocs\\codeigniter\\app\\Views\\v_cashflow.php', 18)
 2 SYSTEMPATH\View\View.php(224): include('D:\\XAMPP\\htdocs\\codeigniter\\app\\Views\\v_cashflow.php')
 3 SYSTEMPATH\View\View.php(227): CodeIgniter\View\View->CodeIgniter\View\{closure}()
 4 SYSTEMPATH\Common.php(1176): CodeIgniter\View\View->render('v_cashflow', [], true)
 5 APPPATH\Controllers\CashFlow.php(13): view('v_cashflow', [...])
 6 SYSTEMPATH\CodeIgniter.php(932): App\Controllers\CashFlow->index()
 7 SYSTEMPATH\CodeIgniter.php(497): CodeIgniter\CodeIgniter->runController(Object(App\Controllers\CashFlow))
 8 SYSTEMPATH\CodeIgniter.php(366): CodeIgniter\CodeIgniter->handleRequest(null, Object(Config\Cache), false)
 9 FCPATH\index.php(67): CodeIgniter\CodeIgniter->run()
CRITICAL - 2023-09-21 17:43:34 --> Undefined variable $transactions
in APPPATH\Views\v_cashflow.php on line 18.
 1 APPPATH\Views\v_cashflow.php(18): CodeIgniter\Debug\Exceptions->errorHandler(2, 'Undefined variable $transactions', 'D:\\XAMPP\\htdocs\\codeigniter\\app\\Views\\v_cashflow.php', 18)
 2 SYSTEMPATH\View\View.php(224): include('D:\\XAMPP\\htdocs\\codeigniter\\app\\Views\\v_cashflow.php')
 3 SYSTEMPATH\View\View.php(227): CodeIgniter\View\View->CodeIgniter\View\{closure}()
 4 SYSTEMPATH\Common.php(1176): CodeIgniter\View\View->render('v_cashflow', [], true)
 5 APPPATH\Controllers\CashFlow.php(13): view('v_cashflow', [...])
 6 SYSTEMPATH\CodeIgniter.php(932): App\Controllers\CashFlow->index()
 7 SYSTEMPATH\CodeIgniter.php(497): CodeIgniter\CodeIgniter->runController(Object(App\Controllers\CashFlow))
 8 SYSTEMPATH\CodeIgniter.php(366): CodeIgniter\CodeIgniter->handleRequest(null, Object(Config\Cache), false)
 9 FCPATH\index.php(67): CodeIgniter\CodeIgniter->run()
CRITICAL - 2023-09-21 17:46:39 --> Array to string conversion
in APPPATH\Controllers\CashFlow.php on line 13.
 1 APPPATH\Controllers\CashFlow.php(13): CodeIgniter\Debug\Exceptions->errorHandler(2, 'Array to string conversion', 'D:\\XAMPP\\htdocs\\codeigniter\\app\\Controllers\\CashFlow.php', 13)
 2 SYSTEMPATH\CodeIgniter.php(932): App\Controllers\CashFlow->index()
 3 SYSTEMPATH\CodeIgniter.php(497): CodeIgniter\CodeIgniter->runController(Object(App\Controllers\CashFlow))
 4 SYSTEMPATH\CodeIgniter.php(366): CodeIgniter\CodeIgniter->handleRequest(null, Object(Config\Cache), false)
 5 FCPATH\index.php(67): CodeIgniter\CodeIgniter->run()
CRITICAL - 2023-09-21 17:46:58 --> Undefined variable $transactions
in APPPATH\Views\v_cashflow.php on line 18.
 1 APPPATH\Views\v_cashflow.php(18): CodeIgniter\Debug\Exceptions->errorHandler(2, 'Undefined variable $transactions', 'D:\\XAMPP\\htdocs\\codeigniter\\app\\Views\\v_cashflow.php', 18)
 2 SYSTEMPATH\View\View.php(224): include('D:\\XAMPP\\htdocs\\codeigniter\\app\\Views\\v_cashflow.php')
 3 SYSTEMPATH\View\View.php(227): CodeIgniter\View\View->CodeIgniter\View\{closure}()
 4 SYSTEMPATH\Common.php(1176): CodeIgniter\View\View->render('v_cashflow', [], true)
 5 APPPATH\Controllers\CashFlow.php(13): view('v_cashflow', [...])
 6 SYSTEMPATH\CodeIgniter.php(932): App\Controllers\CashFlow->index()
 7 SYSTEMPATH\CodeIgniter.php(497): CodeIgniter\CodeIgniter->runController(Object(App\Controllers\CashFlow))
 8 SYSTEMPATH\CodeIgniter.php(366): CodeIgniter\CodeIgniter->handleRequest(null, Object(Config\Cache), false)
 9 FCPATH\index.php(67): CodeIgniter\CodeIgniter->run()
CRITICAL - 2023-09-21 17:47:35 --> Undefined variable $data
in APPPATH\Views\v_cashflow.php on line 18.
 1 APPPATH\Views\v_cashflow.php(18): CodeIgniter\Debug\Exceptions->errorHandler(2, 'Undefined variable $data', 'D:\\XAMPP\\htdocs\\codeigniter\\app\\Views\\v_cashflow.php', 18)
 2 SYSTEMPATH\View\View.php(224): include('D:\\XAMPP\\htdocs\\codeigniter\\app\\Views\\v_cashflow.php')
 3 SYSTEMPATH\View\View.php(227): CodeIgniter\View\View->CodeIgniter\View\{closure}()
 4 SYSTEMPATH\Common.php(1176): CodeIgniter\View\View->render('v_cashflow', [], true)
 5 APPPATH\Controllers\CashFlow.php(13): view('v_cashflow', [...])
 6 SYSTEMPATH\CodeIgniter.php(932): App\Controllers\CashFlow->index()
 7 SYSTEMPATH\CodeIgniter.php(497): CodeIgniter\CodeIgniter->runController(Object(App\Controllers\CashFlow))
 8 SYSTEMPATH\CodeIgniter.php(366): CodeIgniter\CodeIgniter->handleRequest(null, Object(Config\Cache), false)
 9 FCPATH\index.php(67): CodeIgniter\CodeIgniter->run()
